This file contains any messages produced by compilers while
running configure, to aid debugging if configure makes a mistake.

It was created by configure, which was
generated by GNU Autoconf 2.61.  Invocation command line was

  $ ./configure --with-emacs=/Applications/Emacs.app/Contents/MacOS/Emacs

## --------- ##
## Platform. ##
## --------- ##

hostname = zreba.local
uname -m = i386
uname -r = 9.6.2
uname -s = Darwin
uname -v = Darwin Kernel Version 9.6.2: Tue Jan 13 20:42:22 PST 2009; root:xnu-1228.9.80~1/RELEASE_I386

/usr/bin/uname -p = i386
/bin/uname -X     = unknown

/bin/arch              = unknown
/usr/bin/arch -k       = unknown
/usr/convex/getsysinfo = unknown
/usr/bin/hostinfo      = Mach kernel version:
	 Darwin Kernel Version 9.6.2: Tue Jan 13 20:42:22 PST 2009; root:xnu-1228.9.80~1/RELEASE_I386
Kernel configured for up to 2 processors.
2 processors are physically available.
2 processors are logically available.
Processor type: i486 (Intel 80486)
Processors active: 0 1
Primary memory available: 8.00 gigabytes
Default processor set: 84 tasks, 268 threads, 2 processors
Load average: 0.45, Mach factor: 1.54
/bin/machine           = unknown
/usr/bin/oslevel       = unknown
/bin/universe          = unknown

PATH: /opt/local/bin
PATH: /opt/local/sbin
PATH: /usr/bin
PATH: /bin
PATH: /usr/sbin
PATH: /sbin
PATH: /usr/local/bin
PATH: /usr/X11/bin
PATH: /usr/local/git/bin


## ----------- ##
## Core tests. ##
## ----------- ##

configure:1639: checking whether make sets $(MAKE)
configure:1660: result: yes
configure:1713: checking for a BSD-compatible install
configure:1769: result: /usr/bin/install -c
configure:1782: checking for makeinfo
configure:1798: found /usr/bin/makeinfo
configure:1810: result: makeinfo
configure:1820: checking for texi2dvi
configure:1836: found /usr/bin/texi2dvi
configure:1848: result: texi2dvi
configure:1858: checking for ptex
configure:1886: result: false
configure:1896: checking for jbibtex
configure:1924: result: false
configure:1934: checking for dvipdfmx
configure:1962: result: false
configure:1972: checking for texi2pdf
configure:1988: found /usr/bin/texi2pdf
configure:2000: result: texi2pdf
configure:2012: checking for egrep
configure:2028: found /usr/bin/egrep
configure:2039: result: egrep
configure:2108: checking for /Applications/Emacs.app/Contents/MacOS/Emacs
configure:2139: result: /Applications/Emacs.app/Contents/MacOS/Emacs
configure:2301: checking what a flavor does /Applications/Emacs.app/Contents/MacOS/Emacs have
/Applications/Emacs.app/Contents/MacOS/Emacs -q -no-site-file --no-unibyte -batch -eval '(let ((x (if (featurep (quote xemacs))	(if (and	     (condition-case nil		 (progn		   (unless (or itimer-process itimer-timer)		     (itimer-driver-start))		   (let* ((inhibit-quit t)			  (ctime (current-time))			  (itimer-timer-last-wakeup			   (prog1			       ctime			     (setcar ctime (1- (car ctime)))))			  (itimer-list nil)			  (itimer (start-itimer "*testing*"						(function ignore) 5)))		     (sleep-for 0.1)		     (prog1			 (> (itimer-value itimer) 0)		       (delete-itimer itimer))))	       (error nil))	     (string-match	      (concat (vector 94 92 40 63 58 32 43 92 41 42 92 91 92 93))	      (concat (vector 32 91 93)))	     (or (not (executable-find "cat"))		 (with-temp-buffer		   (insert "foo")		   (backward-char)		   (call-process-region (1- (point)) (point) "cat" t t)		   (goto-char (point-min))		   (looking-at "foo"))))	    "XEmacs"	  (let ((v (emacs-version)))	    (if (string-match (char-to-string 41) v)		(substring v 0 (match-end 0))	      "Old XEmacs")))      (concat "Emacs "	      (mapconcat (function identity)			 (nreverse			  (cdr (nreverse				(split-string emacs-version					      (concat (vector 92 46))))))			 "."))))) (write-region (if (stringp x) (princ x) (prin1-to-string x)) nil "./conftest-5278" nil 5))'
Emacs 23.0.91=> Emacs 23.0.91
configure:2378: result: Emacs 23.0.91
configure:2392: checking prefix for /Applications/Emacs.app/Contents/MacOS/Emacs
/Applications/Emacs.app/Contents/MacOS/Emacs -q -no-site-file --no-unibyte -batch -eval '(let ((x (expand-file-name ".." invocation-directory))) (write-region (if (stringp x) (princ x) (prin1-to-string x)) nil "./conftest-5278" nil 5))'
/Applications/Emacs.app/Contents=> /Applications/Emacs.app/Contents
configure:2423: result: /Applications/Emacs.app/Contents
configure:2431: checking where lisp files should go
configure:2453: result: $(datadir)/emacs/site-lisp/w3m/
configure:2615: checking where icon files should go
/Applications/Emacs.app/Contents/MacOS/Emacs -q -no-site-file --no-unibyte -batch -eval '(let ((x (let ((prefix "/Applications/Emacs.app/Contents")	      (default (expand-file-name "images/w3m" data-directory)))	  (if (and prefix		   (progn		     (setq prefix (file-name-as-directory prefix))		     (eq 0 (string-match (regexp-quote prefix) default))))	      (replace-match "$(prefix)/" nil nil default)	    default)))) (write-region (if (stringp x) (princ x) (prin1-to-string x)) nil "./conftest-5278" nil 5))'
$(prefix)/Resources/etc/images/w3m=> $(prefix)/Resources/etc/images/w3m
configure:2659: result: $(prefix)/Resources/etc/images/w3m
configure:2837: creating ./config.status

## ---------------------- ##
## Running config.status. ##
## ---------------------- ##

This file was extended by config.status, which was
generated by GNU Autoconf 2.61.  Invocation command line was

  CONFIG_FILES    = 
  CONFIG_HEADERS  = 
  CONFIG_LINKS    = 
  CONFIG_COMMANDS = 
  $ ./config.status 

on zreba.local

config.status:584: creating Makefile
config.status:584: creating doc/Makefile

## ---------------- ##
## Cache variables. ##
## ---------------- ##

EMACS_cv_SYS_flavor='Emacs 23.0.91'
EMACS_cv_SYS_icondir='$(prefix)/Resources/etc/images/w3m'
EMACS_cv_SYS_prefix=/Applications/Emacs.app/Contents
ac_cv_env_build_alias_set=
ac_cv_env_build_alias_value=
ac_cv_env_host_alias_set=
ac_cv_env_host_alias_value=
ac_cv_env_target_alias_set=
ac_cv_env_target_alias_value=
ac_cv_path_EMACS=/Applications/Emacs.app/Contents/MacOS/Emacs
ac_cv_path_install='/usr/bin/install -c'
ac_cv_prog_DVIPDFMX=false
ac_cv_prog_EGREP=egrep
ac_cv_prog_JBIBTEX=false
ac_cv_prog_MAKEINFO=makeinfo
ac_cv_prog_PTEX=false
ac_cv_prog_TEXI2DVI=texi2dvi
ac_cv_prog_TEXI2PDF=texi2pdf
ac_cv_prog_make_make_set=yes

## ----------------- ##
## Output variables. ##
## ----------------- ##

ADDITIONAL_LOAD_PATH='NONE'
DEFS='-DPACKAGE_NAME=\"\" -DPACKAGE_TARNAME=\"\" -DPACKAGE_VERSION=\"\" -DPACKAGE_STRING=\"\" -DPACKAGE_BUGREPORT=\"\"'
DVIPDFMX='false'
ECHO_C='ECHO_N=''
ECHO_T=''
EGREP='egrep'
EMACS='/Applications/Emacs.app/Contents/MacOS/Emacs'
ICONDIR='$(prefix)/Resources/etc/images/w3m'
INSTALL_DATA='${INSTALL} -m 644'
INSTALL_PROGRAM='${INSTALL}'
INSTALL_SCRIPT='${INSTALL}'
JBIBTEX='false'
LIBOBJS=''
LIBS=''
LTLIBOBJS=''
MAKEINFO='makeinfo'
PACKAGEDIR='NONE'
PACKAGE_BUGREPORT=''
PACKAGE_NAME=''
PACKAGE_STRING=''
PACKAGE_TARNAME=''
PACKAGE_VERSION=''
PATH_SEPARATOR=':'
PTEX='false'
SET_MAKE=''
SHELL='/bin/sh'
TEXI2DVI='texi2dvi'
TEXI2PDF='texi2pdf'
VANILLA_FLAG='-q -no-site-file --no-unibyte'
XEMACSDEBUG=''
bindir='${exec_prefix}/bin'
build_alias=''
datadir='${datarootdir}'
datarootdir='${prefix}/share'
docdir='${datarootdir}/doc/${PACKAGE}'
dvidir='${docdir}'
exec_prefix='${prefix}'
host_alias=''
htmldir='${docdir}'
includedir='${prefix}/include'
infodir='${datarootdir}/info'
libdir='${exec_prefix}/lib'
libexecdir='${exec_prefix}/libexec'
lispdir='$(datadir)/emacs/site-lisp/w3m'
localedir='${datarootdir}/locale'
localstatedir='${prefix}/var'
mandir='${datarootdir}/man'
oldincludedir='/usr/include'
pdfdir='${docdir}'
prefix='/Applications/Emacs.app/Contents'
program_transform_name='s,x,x,'
psdir='${docdir}'
sbindir='${exec_prefix}/sbin'
sharedstatedir='${prefix}/com'
sysconfdir='${prefix}/etc'
target_alias=''

## ----------- ##
## confdefs.h. ##
## ----------- ##

#define PACKAGE_NAME ""
#define PACKAGE_TARNAME ""
#define PACKAGE_VERSION ""
#define PACKAGE_STRING ""
#define PACKAGE_BUGREPORT ""

configure: exit 0
