This file contains any messages produced by compilers while
running configure, to aid debugging if configure makes a mistake.

It was created by Tramp configure 2.1.16-pre, which was
generated by GNU Autoconf 2.63.  Invocation command line was

  $ ./configure --with-contrib --prefix=/tmp/fofo --with-emacs=/Applications/Emacs.app/Contents/MacOS/Emacs

## --------- ##
## Platform. ##
## --------- ##

hostname = zreba.local
uname -m = i386
uname -r = 9.6.2
uname -s = Darwin
uname -v = Darwin Kernel Version 9.6.2: Tue Jan 13 20:42:22 PST 2009; root:xnu-1228.9.80~1/RELEASE_I386

/usr/bin/uname -p = i386
/bin/uname -X     = unknown

/bin/arch              = unknown
/usr/bin/arch -k       = unknown
/usr/convex/getsysinfo = unknown
/usr/bin/hostinfo      = Mach kernel version:
	 Darwin Kernel Version 9.6.2: Tue Jan 13 20:42:22 PST 2009; root:xnu-1228.9.80~1/RELEASE_I386
Kernel configured for up to 2 processors.
2 processors are physically available.
2 processors are logically available.
Processor type: i486 (Intel 80486)
Processors active: 0 1
Primary memory available: 8.00 gigabytes
Default processor set: 106 tasks, 400 threads, 2 processors
Load average: 3.27, Mach factor: 0.61
/bin/machine           = unknown
/usr/bin/oslevel       = unknown
/bin/universe          = unknown

PATH: /opt/local/bin
PATH: /opt/local/sbin
PATH: /usr/bin
PATH: /bin
PATH: /usr/sbin
PATH: /sbin
PATH: /usr/local/bin
PATH: /usr/X11/bin
PATH: /usr/local/git/bin


## ----------- ##
## Core tests. ##
## ----------- ##

configure:1754: Tramp 2.1.16-pre
configure:1767: checking for gmake
configure:1797: result: no
configure:1767: checking for make
configure:1783: found /usr/bin/make
configure:1794: result: make
configure:1812: checking for reasonable make version
configure:1815: result: ok
configure:1825: checking whether make sets $(MAKE)
configure:1847: result: yes
configure:1929: checking for /Applications/Emacs.app/Contents/MacOS/Emacs
configure:1946: found ///Applications/Emacs.app/Contents/MacOS/Emacs
configure:1958: result: yes
configure:1973: checking for /Applications/Emacs.app/Contents/MacOS/Emacs flavor
/Applications/Emacs.app/Contents/MacOS/Emacs --no-site-file -batch -eval (let ((x (if (featurep 'xemacs) "yes" "no"))) (write-region (if (stringp x) (princ x) (prin1-to-string x)) nil "./conftest-22052"))
=> no
configure:2020: result: emacs
configure:2024: checking for /Applications/Emacs.app/Contents/MacOS/Emacs gvfs support
/Applications/Emacs.app/Contents/MacOS/Emacs --no-site-file -batch -eval (let ((x (if (and (featurep 'dbusbind) (featurep 'dbus) (require 'dbus) (dbus-ping :session tramp-gvfs-service-daemon)) "yes" "no"))) (write-region (if (stringp x) (princ x) (prin1-to-string x)) nil "./conftest-22052"))
=> no
configure:2067: result: no
configure:2071: checking for /Applications/Emacs.app/Contents/MacOS/Emacs gateway support
/Applications/Emacs.app/Contents/MacOS/Emacs --no-site-file -batch -eval (let ((x (if (functionp 'make-network-process) "yes" "no"))) (write-region (if (stringp x) (princ x) (prin1-to-string x)) nil "./conftest-22052"))
=> yes
configure:2114: result: yes
configure:2118: checking for /Applications/Emacs.app/Contents/MacOS/Emacs utilities support
/Applications/Emacs.app/Contents/MacOS/Emacs --no-site-file -batch -eval (let ((x (if (functionp 'start-file-process) "no" "yes"))) (write-region (if (stringp x) (princ x) (prin1-to-string x)) nil "./conftest-22052"))
=> no
configure:2161: result: no
configure:2176: checking for /Applications/Emacs.app/Contents/MacOS/Emacs version
/Applications/Emacs.app/Contents/MacOS/Emacs --no-site-file -batch -eval (let ((x (if (or (< emacs-major-version 21)	(and (featurep 'xemacs)	     (< emacs-minor-version 4)))    (format "Tramp 2.1.16-pre is not fit for %s"	    (when (string-match "^.*$" (emacs-version))	      (match-string 0 (emacs-version))))    "ok"))) (write-region (if (stringp x) (princ x) (prin1-to-string x)) nil "./conftest-22052"))
=> ok
configure:2219: result: ok
configure:2237: checking for base64.el
/Applications/Emacs.app/Contents/MacOS/Emacs --no-site-file -batch -eval (let ((x (progn (if (featurep 'xemacs) (require 'timer-funcs)) (load "base64.el" t) (fboundp 'base64-encode-region)))) (write-region (if (stringp x) (princ x) (prin1-to-string x)) nil "./conftest-22052"))
=> t
configure:2322: result: ok
configure:2330: checking for format-spec.el
/Applications/Emacs.app/Contents/MacOS/Emacs --no-site-file -batch -eval (let ((x (progn (if (featurep 'xemacs) (require 'timer-funcs)) (load "format-spec.el" t) (fboundp 'format-spec)))) (write-region (if (stringp x) (princ x) (prin1-to-string x)) nil "./conftest-22052"))
Loading /Applications/Emacs.app/Contents/Resources/lisp/format-spec.el.gz...
uncompressing format-spec.el.gz...
uncompressing format-spec.el.gz...done
=> t
configure:2415: result: ok
configure:2423: checking for password.el
/Applications/Emacs.app/Contents/MacOS/Emacs --no-site-file -batch -eval (let ((x (progn (if (featurep 'xemacs) (require 'timer-funcs)) (load "password.el" t) (fboundp 'password-cache-add)))) (write-region (if (stringp x) (princ x) (prin1-to-string x)) nil "./conftest-22052"))
=> nil
configure:2485: result: linked to contrib directory
configure:2517: checking for socks.el
/Applications/Emacs.app/Contents/MacOS/Emacs --no-site-file -batch -eval (let ((x (progn (if (featurep 'xemacs) (require 'timer-funcs)) (load "socks.el" t) (fboundp 'socks-open-network-stream)))) (write-region (if (stringp x) (princ x) (prin1-to-string x)) nil "./conftest-22052"))
Loading /Applications/Emacs.app/Contents/Resources/lisp/net/socks.el.gz...
uncompressing socks.el.gz...
uncompressing socks.el.gz...done
=> t
configure:2602: result: ok
configure:2613: checking for makeinfo
configure:2629: found /opt/local/bin/makeinfo
configure:2641: result: makeinfo
configure:2655: checking for reasonable makeinfo version
configure:2659: result: ok
configure:2673: checking for texi2dvi
configure:2689: found /opt/local/bin/texi2dvi
configure:2701: result: texi2dvi
configure:2713: checking for reasonable texi2dvi version
configure:2721: result: nok
configure:2723: WARNING: texi2dvi doesn't work, check $TEXINPUTS
configure:2735: checking for install-info
configure:2751: found /opt/local/bin/install-info
configure:2762: result: install-info
configure:2825: checking for installation chapter
configure:2834: result: yes
configure:2844: checking for japanese manual
configure:2853: result: no
configure:2861: checking prefix 
configure:2869: result: /tmp/fofo
configure:2872: checking datarootdir
configure:2885: result: ${prefix}/share
configure:2888: checking datadir
configure:2897: result: ${datarootdir}
configure:2906: checking lispdir
configure:2915: result: ${datadir}/emacs/site-lisp
configure:2920: checking infodir
configure:2947: result: ${prefix}/share/info
configure:2966: checking for ftp-upload
configure:2994: result: no
configure:3159: creating ./config.status

## ---------------------- ##
## Running config.status. ##
## ---------------------- ##

This file was extended by Tramp config.status 2.1.16-pre, which was
generated by GNU Autoconf 2.63.  Invocation command line was

  CONFIG_FILES    = 
  CONFIG_HEADERS  = 
  CONFIG_LINKS    = 
  CONFIG_COMMANDS = 
  $ ./config.status 

on zreba.local

config.status:660: creating Makefile
config.status:660: creating contrib/Makefile
config.status:660: creating lisp/Makefile
config.status:660: creating lisp/trampver.el
config.status:660: creating texi/Makefile
config.status:660: creating texi/trampver.texi

## ---------------- ##
## Cache variables. ##
## ---------------- ##

EMACS_cv_SYS_base64_encode_region=t
EMACS_cv_SYS_emacs_version=ok
EMACS_cv_SYS_format_spec=t
EMACS_cv_SYS_gatewayp=yes
EMACS_cv_SYS_gvfsp=no
EMACS_cv_SYS_password_cache_add=nil
EMACS_cv_SYS_socks_open_network_stream=t
EMACS_cv_SYS_utilsp=no
EMACS_cv_SYS_xemacsp=no
ac_cv_env_build_alias_set=
ac_cv_env_build_alias_value=
ac_cv_env_host_alias_set=
ac_cv_env_host_alias_value=
ac_cv_env_target_alias_set=
ac_cv_env_target_alias_value=
ac_cv_prog_EMACS_test_emacs=yes
ac_cv_prog_FTP_UPLOAD=no
ac_cv_prog_INSTALL_INFO=install-info
ac_cv_prog_MAKE=make
ac_cv_prog_MAKEINFO=makeinfo
ac_cv_prog_TEXI2DVI=texi2dvi
ac_cv_prog_make_make_set=yes

## ----------------- ##
## Output variables. ##
## ----------------- ##

DEFS='-DPACKAGE_NAME=\"Tramp\" -DPACKAGE_TARNAME=\"tramp\" -DPACKAGE_VERSION=\"2.1.16-pre\" -DPACKAGE_STRING=\"Tramp\ 2.1.16-pre\" -DPACKAGE_BUGREPORT=\"tramp-devel@gnu.org\"'
ECHO_C='\c'
ECHO_N=''
ECHO_T=''
EMACS='/Applications/Emacs.app/Contents/MacOS/Emacs'
EMACS_GVFS='no'
EMACS_GW='yes'
EMACS_INFO='emacs'
EMACS_UTILS='no'
EMACS_test_emacs='yes'
FTP_UPLOAD='no'
INSTALL_CHAPTER='yes'
INSTALL_INFO='install-info'
JA_MANUAL='no'
LIBOBJS=''
LIBS=''
LTLIBOBJS=''
MAKE='make'
MAKEINFO='makeinfo'
PACKAGE_BUGREPORT='tramp-devel@gnu.org'
PACKAGE_NAME='Tramp'
PACKAGE_STRING='Tramp 2.1.16-pre'
PACKAGE_TARNAME='tramp'
PACKAGE_VERSION='2.1.16-pre'
PATH_SEPARATOR=':'
SET_MAKE=''
SHELL='/bin/sh'
TEXI2DVI='no'
TRAMP_CLEAN_FILES='.\\\#* \\\#* .*~ *~ *.aux *.cp *.cps *.diff *.dvi *.elc *.fn *.fns *.html *.info *.ky *.log *.pg *.tmp *.toc *.tp *.vr *.vrs'
TRAMP_CONFIG_FILES='Makefile contrib/Makefile lisp/Makefile lisp/trampver.el texi/Makefile texi/trampver.texi'
TRAMP_CONTRIB_FILES='password.el '
TRAMP_EMACS_MERGE_VERSION='2.1.15'
TRAMP_EMACS_VERSION_CHECK='(if (or (< emacs-major-version 21)	(and (featurep '\''xemacs)	     (< emacs-minor-version 4)))    (format "Tramp 2.1.16-pre is not fit for %s"	    (when (string-match "^.*$" (emacs-version))	      (match-string 0 (emacs-version))))    "ok")'
bindir='${exec_prefix}/bin'
build_alias=''
datadir='${datarootdir}'
datadir_default='$datarootdir_default'
datarootdir='${prefix}/share'
datarootdir_default='${prefix}/share'
docdir='${datarootdir}/doc/${PACKAGE_TARNAME}'
dvidir='${docdir}'
exec_prefix='${prefix}'
host_alias=''
htmldir='${docdir}'
includedir='${prefix}/include'
infodir='${prefix}/share/info'
infodir_default='/tmp/fofo/share/info'
libdir='${exec_prefix}/lib'
libexecdir='${exec_prefix}/libexec'
lispdir='${datadir}/emacs/site-lisp'
lispdir_default='/tmp/fofo/share/emacs/site-lisp'
localedir='${datarootdir}/locale'
localstatedir='${prefix}/var'
mandir='${datarootdir}/man'
oldincludedir='/usr/include'
pdfdir='${docdir}'
prefix='/tmp/fofo'
prefix_default='/usr/local'
program_transform_name='s,x,x,'
psdir='${docdir}'
sbindir='${exec_prefix}/sbin'
sharedstatedir='${prefix}/com'
sysconfdir='${prefix}/etc'
target_alias=''

## ----------- ##
## confdefs.h. ##
## ----------- ##

#define PACKAGE_NAME "Tramp"
#define PACKAGE_TARNAME "tramp"
#define PACKAGE_VERSION "2.1.16-pre"
#define PACKAGE_STRING "Tramp 2.1.16-pre"
#define PACKAGE_BUGREPORT "tramp-devel@gnu.org"

configure: exit 0
